2025-08-09 09:44:58,132 - INFO - ℹ️ [2025-08-09 09:44:58] 🚀 Starting OpenPolicy Platform Production Deployment
2025-08-09 09:44:58,132 - INFO - ℹ️ [2025-08-09 09:44:58] ============================================================
2025-08-09 09:44:58,132 - INFO - ℹ️ [2025-08-09 09:44:58] Checking deployment prerequisites...
2025-08-09 09:44:58,162 - INFO - ✅ [2025-08-09 09:44:58] Prerequisites check completed
2025-08-09 09:44:58,162 - INFO - ℹ️ [2025-08-09 09:44:58] Deploying Database...
2025-08-09 09:44:58,162 - INFO - ℹ️ [2025-08-09 09:44:58] Deploying database optimizations...
2025-08-09 09:44:58,162 - INFO - ℹ️ [2025-08-09 09:44:58] Optimizing database performance...
2025-08-09 09:46:04,695 - ERROR - ❌ [2025-08-09 09:46:04] Database deployment failed: Command '['psql', '-h', 'localhost', '-U', 'ashishtandon', '-d', 'openpolicy', '-c', 'REINDEX DATABASE openpolicy;']' timed out after 60 seconds
2025-08-09 09:46:04,695 - ERROR - ❌ [2025-08-09 09:46:04] Database deployment failed
2025-08-09 09:46:04,695 - INFO - ℹ️ [2025-08-09 09:46:04] Deploying API...
2025-08-09 09:46:04,695 - INFO - ℹ️ [2025-08-09 09:46:04] Deploying API with middleware...
2025-08-09 09:46:04,695 - INFO - ℹ️ [2025-08-09 09:46:04] Installing API dependencies...
2025-08-09 09:46:16,164 - ERROR - ❌ [2025-08-09 09:46:16] Dependency installation failed
2025-08-09 09:46:16,164 - ERROR - ❌ [2025-08-09 09:46:16] API deployment failed
2025-08-09 09:46:16,164 - INFO - ℹ️ [2025-08-09 09:46:16] Deploying Frontend...
2025-08-09 09:46:16,164 - INFO - ℹ️ [2025-08-09 09:46:16] Deploying frontend optimizations...
2025-08-09 09:46:16,164 - INFO - ℹ️ [2025-08-09 09:46:16] Frontend directory found, checking optimizations...
2025-08-09 09:46:16,164 - WARNING - ⚠️ [2025-08-09 09:46:16] Frontend build required
2025-08-09 09:46:16,164 - INFO - ✅ [2025-08-09 09:46:16] Frontend deployment completed
2025-08-09 09:46:16,164 - INFO - ℹ️ [2025-08-09 09:46:16] Deploying Monitoring...
2025-08-09 09:46:16,164 - INFO - ℹ️ [2025-08-09 09:46:16] Deploying monitoring system...
2025-08-09 09:46:16,164 - INFO - ℹ️ [2025-08-09 09:46:16] Monitoring component found: monitoring_system.py
2025-08-09 09:46:16,164 - INFO - ℹ️ [2025-08-09 09:46:16] Monitoring component found: dashboard.py
2025-08-09 09:46:16,164 - INFO - ℹ️ [2025-08-09 09:46:16] Monitoring component found: production_status.py
2025-08-09 09:46:16,164 - INFO - ✅ [2025-08-09 09:46:16] Monitoring deployment completed
2025-08-09 09:46:16,164 - INFO - ℹ️ [2025-08-09 09:46:16] Deploying Security...
2025-08-09 09:46:16,164 - INFO - ℹ️ [2025-08-09 09:46:16] Deploying security features...
2025-08-09 09:46:16,164 - INFO - ℹ️ [2025-08-09 09:46:16] Security component found: api/middleware/security.py
2025-08-09 09:46:16,164 - INFO - ℹ️ [2025-08-09 09:46:16] Security component found: api/middleware/performance.py
2025-08-09 09:46:16,164 - INFO - ✅ [2025-08-09 09:46:16] Security deployment completed
2025-08-09 09:46:16,164 - INFO - ℹ️ [2025-08-09 09:46:16] Deploying Performance...
2025-08-09 09:46:16,164 - INFO - ℹ️ [2025-08-09 09:46:16] Deploying performance optimizations...
2025-08-09 09:46:16,164 - INFO - ℹ️ [2025-08-09 09:46:16] Performance component found: api/middleware/performance.py
2025-08-09 09:46:16,164 - INFO - ℹ️ [2025-08-09 09:46:16] Performance component found: config/production.json
2025-08-09 09:46:16,164 - INFO - ✅ [2025-08-09 09:46:16] Performance deployment completed
2025-08-09 09:46:16,164 - INFO - ℹ️ [2025-08-09 09:46:16] Running comprehensive test suite...
2025-08-09 09:46:16,164 - INFO - ℹ️ [2025-08-09 09:46:16] Running integration tests...
2025-08-09 09:46:17,600 - ERROR - ❌ [2025-08-09 09:46:17] Integration tests failed
2025-08-09 09:46:17,600 - INFO - ℹ️ [2025-08-09 09:46:17] Generating deployment report...
2025-08-09 09:46:17,600 - INFO - ℹ️ [2025-08-09 09:46:17] Deployment report saved: deployment_report.json
2025-08-09 09:46:17,600 - WARNING - ⚠️ [2025-08-09 09:46:17] ⚠️ Deployment completed with issues. Success rate: 66.7%
2025-08-09 09:46:17,600 - INFO - ℹ️ [2025-08-09 09:46:17] ============================================================
2025-08-09 09:46:17,600 - INFO - ℹ️ [2025-08-09 09:46:17] Deployment completed. Check deployment_report.json for details.
