/Users/ashishtandon/Github/Base Code/backend/OpenPolicyAshBack/scraper_testing_framework.py:472: DeprecationWarning: datetime.datetime.utcnow() is deprecated and scheduled for removal in a future version. Use timezone-aware objects to represent datetimes in UTC: datetime.datetime.now(datetime.UTC).
  start_time=datetime.utcnow()
2025-08-08 21:17:37,145 - __main__ - INFO - 🚀 Testing Toronto, ON (Simple CSV)
/Users/ashishtandon/Github/Base Code/backend/OpenPolicyAshBack/scraper_testing_framework.py:515: DeprecationWarning: datetime.datetime.utcnow() is deprecated and scheduled for removal in a future version. Use timezone-aware objects to represent datetimes in UTC: datetime.datetime.now(datetime.UTC).
  result.end_time = datetime.utcnow()
2025-08-08 21:17:37,487 - __main__ - INFO - ✅ Toronto, ON: Collected 5 records in 0.00s
2025-08-08 21:17:37,487 - __main__ - INFO - 🚀 Starting comprehensive scraper testing (OPTIMIZED PARALLEL)
2025-08-08 21:17:37,487 - __main__ - INFO - Max sample records per scraper: 5
2025-08-08 21:17:37,487 - __main__ - INFO - Worker range: 10-20 (dynamic)
2025-08-08 21:17:37,487 - __main__ - INFO - System: 16 CPUs, 64.0GB RAM
2025-08-08 21:17:37,487 - __main__ - INFO - 
🔄 Starting PARLIAMENTARY scrapers...
2025-08-08 21:17:37,487 - __main__ - INFO - 
============================================================
2025-08-08 21:17:37,487 - __main__ - INFO - Testing PARLIAMENTARY scrapers (OPTIMIZED PARALLEL)
2025-08-08 21:17:37,487 - __main__ - INFO - ============================================================
2025-08-08 21:17:37,487 - __main__ - INFO - Found 1 scrapers to test
2025-08-08 21:17:37,487 - __main__ - INFO - 📊 Resource Analysis: CPU 50.0%, Memory 50.6%
2025-08-08 21:17:37,487 - __main__ - INFO - 📊 Scraper Sizes: Small 0, Medium 0, Large 1
2025-08-08 21:17:37,487 - __main__ - INFO - 📊 Optimal Workers: 1 (range: 10-20)
/Users/ashishtandon/Github/Base Code/backend/OpenPolicyAshBack/scraper_testing_framework.py:354: DeprecationWarning: datetime.datetime.utcnow() is deprecated and scheduled for removal in a future version. Use timezone-aware objects to represent datetimes in UTC: datetime.datetime.now(datetime.UTC).
  start_time=datetime.utcnow()
2025-08-08 21:17:37,488 - __main__ - INFO - 🚀 Testing Federal Parliament (parliamentary, large)
/Users/ashishtandon/Github/Base Code/backend/OpenPolicyAshBack/scraper_testing_framework.py:365: DeprecationWarning: datetime.datetime.utcnow() is deprecated and scheduled for removal in a future version. Use timezone-aware objects to represent datetimes in UTC: datetime.datetime.now(datetime.UTC).
  result.end_time = datetime.utcnow()
2025-08-08 21:17:37,488 - __main__ - INFO - Progress: 0/1 scrapers completed (large)
2025-08-08 21:17:37,488 - __main__ - INFO - ✅ Completed testing 1 parliamentary scrapers with 1 workers
2025-08-08 21:17:37,488 - __main__ - INFO - 📊 PARLIAMENTARY: 0 successful, 1 failed
2025-08-08 21:17:37,488 - __main__ - INFO - 📊 Sizes: Small 0, Medium 0, Large 1
2025-08-08 21:17:37,488 - __main__ - INFO - 
🔄 Starting PROVINCIAL scrapers...
2025-08-08 21:17:37,488 - __main__ - INFO - 
============================================================
2025-08-08 21:17:37,488 - __main__ - INFO - Testing PROVINCIAL scrapers (OPTIMIZED PARALLEL)
2025-08-08 21:17:37,488 - __main__ - INFO - ============================================================
2025-08-08 21:17:37,488 - __main__ - INFO - Found 14 scrapers to test
2025-08-08 21:17:37,489 - __main__ - INFO - 📊 Resource Analysis: CPU 0.0%, Memory 50.6%
2025-08-08 21:17:37,489 - __main__ - INFO - 📊 Scraper Sizes: Small 9, Medium 2, Large 3
2025-08-08 21:17:37,489 - __main__ - INFO - 📊 Optimal Workers: 12 (range: 10-20)
2025-08-08 21:17:37,489 - __main__ - INFO - 🚀 Testing Canada Federal (provincial, large)
2025-08-08 21:17:37,489 - __main__ - INFO - 🚀 Testing Ontario (provincial, large)
2025-08-08 21:17:37,489 - __main__ - INFO - 🚀 Testing Quebec (provincial, large)
2025-08-08 21:17:37,489 - __main__ - INFO - 🚀 Testing British Columbia (provincial, medium)
2025-08-08 21:17:37,489 - __main__ - INFO - 🚀 Testing Alberta (provincial, medium)
2025-08-08 21:17:37,490 - __main__ - INFO - 🚀 Testing Saskatchewan (provincial, small)
2025-08-08 21:17:37,490 - __main__ - INFO - 🚀 Testing Manitoba (provincial, small)
2025-08-08 21:17:37,490 - scrapelib - INFO - GET - 'https://www.ola.org/en/members/current/contact-information'
2025-08-08 21:17:37,501 - __main__ - INFO - 🚀 Testing Nova Scotia (provincial, small)
2025-08-08 21:17:37,516 - __main__ - INFO - 🚀 Testing New Brunswick (provincial, small)
2025-08-08 21:17:37,524 - __main__ - INFO - 🚀 Testing Prince Edward Island (provincial, small)
2025-08-08 21:17:37,524 - scrapelib - INFO - GET - 'http://www.assnat.qc.ca/fr/deputes/index.html'
2025-08-08 21:17:37,524 - __main__ - INFO - 🚀 Testing Newfoundland and Labrador (provincial, small)
2025-08-08 21:17:37,524 - scrapelib - INFO - POST - 'https://lims.leg.bc.ca/graphql'
2025-08-08 21:17:37,525 - __main__ - INFO - 🚀 Testing Northwest Territories (provincial, small)
2025-08-08 21:17:37,525 - scrapelib - INFO - GET - 'https://www.assembly.ab.ca/members/members-of-the-legislative-assembly'
2025-08-08 21:17:37,525 - scrapelib - INFO - GET - 'http://www.legassembly.sk.ca/mlas/'
2025-08-08 21:17:37,526 - scrapelib - INFO - GET - 'http://www.gov.mb.ca/legislature/members/mla_list_alphabetical.html'
2025-08-08 21:17:37,526 - scrapelib - INFO - GET - 'https://nslegislature.ca/members/profiles'
2025-08-08 21:17:37,527 - scrapelib - INFO - GET - 'https://www.assembly.pe.ca/members'
2025-08-08 21:17:37,527 - scrapelib - INFO - GET - 'https://www.legnb.ca/en/members/current'
2025-08-08 21:17:37,528 - scrapelib - INFO - GET - 'https://www.ntlegislativeassembly.ca/members/members-legislative-assembly/members'
2025-08-08 21:17:37,528 - scrapelib - INFO - GET - 'https://www.assembly.nl.ca/js/members-index.js'
2025-08-08 21:17:37,530 - scrapelib - INFO - GET - 'https://www.ourcommons.ca/Members/en/search?caucusId=all&province=all&gender=M'
2025-08-08 21:17:37,600 - __main__ - ERROR - ❌ Quebec: Scraping error - HTTPSConnectionPool(host='www.assnat.qc.ca', port=443): Max retries exceeded with url: /fr/deputes/index.html (Caused by SSLError(SSLCertVerificationError(1, '[SSL: CERTIFICATE_VERIFY_FAILED] certificate verify failed: unable to get local issuer certificate (_ssl.c:1028)')))
2025-08-08 21:17:37,600 - __main__ - ERROR - ❌ Quebec: Scraping failed - HTTPSConnectionPool(host='www.assnat.qc.ca', port=443): Max retries exceeded with url: /fr/deputes/index.html (Caused by SSLError(SSLCertVerificationError(1, '[SSL: CERTIFICATE_VERIFY_FAILED] certificate verify failed: unable to get local issuer certificate (_ssl.c:1028)')))
/Users/ashishtandon/Github/Base Code/backend/OpenPolicyAshBack/scraper_testing_framework.py:459: DeprecationWarning: datetime.datetime.utcnow() is deprecated and scheduled for removal in a future version. Use timezone-aware objects to represent datetimes in UTC: datetime.datetime.now(datetime.UTC).
  result.end_time = datetime.utcnow()
2025-08-08 21:17:37,600 - __main__ - ERROR - ❌ Quebec: Failed - HTTPSConnectionPool(host='www.assnat.qc.ca', port=443): Max retries exceeded with url: /fr/deputes/index.html (Caused by SSLError(SSLCertVerificationError(1, '[SSL: CERTIFICATE_VERIFY_FAILED] certificate verify failed: unable to get local issuer certificate (_ssl.c:1028)')))
2025-08-08 21:17:37,600 - __main__ - INFO - 🚀 Testing Nunavut (provincial, small)
2025-08-08 21:17:37,601 - __main__ - INFO - Progress: 0/14 scrapers completed (large)
2025-08-08 21:17:37,601 - scrapelib - INFO - GET - 'https://www.assembly.nu.ca/members/mla'
2025-08-08 21:17:37,607 - scrapelib - INFO - GET - 'https://www.ntlegislativeassembly.ca/meet-members/mla/caitlin-cleveland'
/Users/ashishtandon/Github/Base Code/backend/OpenPolicyAshBack/scraper_testing_framework.py:447: DeprecationWarning: datetime.datetime.utcnow() is deprecated and scheduled for removal in a future version. Use timezone-aware objects to represent datetimes in UTC: datetime.datetime.now(datetime.UTC).
  result.end_time = datetime.utcnow()
2025-08-08 21:17:37,645 - __main__ - INFO - ✅ British Columbia: Collected 5 records in 0.12s
2025-08-08 21:17:37,645 - __main__ - INFO - 🚀 Testing Yukon (provincial, small)
2025-08-08 21:17:37,660 - scrapelib - INFO - GET - 'https://www.assembly.pe.ca/members/gilles-arsenault'
2025-08-08 21:17:37,664 - scrapelib - INFO - GET - 'http://www.legassembly.sk.ca/mlas/member-details?first=Chris&last=Beaudry'
2025-08-08 21:17:37,669 - scrapelib - INFO - GET - 'https://www.assembly.nu.ca/node/2664'
2025-08-08 21:17:37,673 - __main__ - ERROR - Database error for British Columbia: (psycopg2.errors.InsufficientPrivilege) permission denied for table jurisdictions

[SQL: SELECT jurisdictions.id AS jurisdictions_id, jurisdictions.name AS jurisdictions_name, jurisdictions.jurisdiction_type AS jurisdictions_jurisdiction_type, jurisdictions.created_at AS jurisdictions_created_at, jurisdictions.updated_at AS jurisdictions_updated_at 
FROM jurisdictions 
WHERE jurisdictions.name = %(name_1)s 
 LIMIT %(param_1)s]
[parameters: {'name_1': 'British Columbia', 'param_1': 1}]
(Background on this error at: https://sqlalche.me/e/20/f405)
2025-08-08 21:17:37,673 - __main__ - INFO - Progress: 1/14 scrapers completed (medium)
2025-08-08 21:17:37,761 - scrapelib - INFO - GET - 'http://www.gov.mb.ca/legislature/members/info/asagwara.html'
2025-08-08 21:17:37,777 - scrapelib - INFO - GET - 'https://www.ourcommons.ca/Members/en/ziad-aboultaif(89156)'
2025-08-08 21:17:37,872 - __main__ - INFO - ✅ Newfoundland and Labrador: Collected 5 records in 0.34s
2025-08-08 21:17:37,874 - __main__ - ERROR - Database error for Newfoundland and Labrador: (psycopg2.errors.InsufficientPrivilege) permission denied for table jurisdictions

[SQL: SELECT jurisdictions.id AS jurisdictions_id, jurisdictions.name AS jurisdictions_name, jurisdictions.jurisdiction_type AS jurisdictions_jurisdiction_type, jurisdictions.created_at AS jurisdictions_created_at, jurisdictions.updated_at AS jurisdictions_updated_at 
FROM jurisdictions 
WHERE jurisdictions.name = %(name_1)s 
 LIMIT %(param_1)s]
[parameters: {'name_1': 'Newfoundland and Labrador', 'param_1': 1}]
(Background on this error at: https://sqlalche.me/e/20/f405)
2025-08-08 21:17:37,874 - __main__ - INFO - Progress: 2/14 scrapers completed (small)
2025-08-08 21:17:37,877 - scrapelib - INFO - GET - 'https://www.legnb.ca/en/members/current/165/ames-richard'
2025-08-08 21:17:37,904 - scrapelib - INFO - GET - 'https://www.ola.org/en/members/all/tyler-allsopp'
2025-08-08 21:17:38,283 - scrapelib - INFO - GET - 'https://nslegislature.ca/members/profiles/barbara-adams'
2025-08-08 21:17:38,556 - scrapelib - INFO - GET - 'http://www.legassembly.sk.ca/mlas/member-details?first=Carla&last=Beck'
2025-08-08 21:17:38,575 - scrapelib - INFO - GET - 'https://www.assembly.pe.ca/members/zack-bell'
2025-08-08 21:17:38,582 - scrapelib - INFO - GET - 'https://www.legnb.ca/en/members/current/4/arseneault-guy'
2025-08-08 21:17:38,602 - scrapelib - INFO - GET - 'https://www.ntlegislativeassembly.ca/meet-members/mla/caroline-wawzonek'
2025-08-08 21:17:38,632 - scrapelib - INFO - GET - 'https://www.assembly.nu.ca/node/9703'
2025-08-08 21:17:38,729 - scrapelib - INFO - GET - 'http://www.gov.mb.ca/legislature/members/info/balcaen.html'
2025-08-08 21:17:38,776 - __main__ - INFO - ✅ Yukon: Collected 5 records in 1.12s
2025-08-08 21:17:38,778 - __main__ - ERROR - Database error for Yukon: (psycopg2.errors.InsufficientPrivilege) permission denied for table jurisdictions

[SQL: SELECT jurisdictions.id AS jurisdictions_id, jurisdictions.name AS jurisdictions_name, jurisdictions.jurisdiction_type AS jurisdictions_jurisdiction_type, jurisdictions.created_at AS jurisdictions_created_at, jurisdictions.updated_at AS jurisdictions_updated_at 
FROM jurisdictions 
WHERE jurisdictions.name = %(name_1)s 
 LIMIT %(param_1)s]
[parameters: {'name_1': 'Yukon', 'param_1': 1}]
(Background on this error at: https://sqlalche.me/e/20/f405)
2025-08-08 21:17:38,778 - __main__ - INFO - Progress: 3/14 scrapers completed (small)
2025-08-08 21:17:38,796 - scrapelib - INFO - GET - 'https://www.ola.org/en/members/all/deepak-anand'
2025-08-08 21:17:38,837 - scrapelib - INFO - GET - 'https://nslegislature.ca/members/profiles/scott-armstrong'
2025-08-08 21:17:39,160 - scrapelib - INFO - GET - 'https://www.assembly.ab.ca/txt/mla_home/contacts.csv'
2025-08-08 21:17:39,232 - scrapelib - INFO - GET - 'https://www.assembly.ab.ca/members/members-of-the-legislative-assembly/member-information?mid=0920&legl=31&from=mla_home'
2025-08-08 21:17:39,314 - scrapelib - INFO - GET - 'https://www.ourcommons.ca/Content/Parliamentarians/Images/OfficialMPPhotos/45/AboultaifZiad_CPC.jpg'
2025-08-08 21:17:39,559 - scrapelib - INFO - GET - 'http://www.legassembly.sk.ca/mlas/member-details?first=Brent&last=Blakley'
2025-08-08 21:17:39,581 - scrapelib - INFO - GET - 'https://www.assembly.pe.ca/members/karla-bernard'
2025-08-08 21:17:39,584 - scrapelib - INFO - GET - 'https://www.legnb.ca/en/members/current/16/austin-kris'
2025-08-08 21:17:39,586 - scrapelib - INFO - GET - 'https://www.ourcommons.ca/Members/en/scott-aitchison(105340)'
2025-08-08 21:17:39,606 - scrapelib - INFO - GET - 'https://www.ntlegislativeassembly.ca/meet-members/mla/daniel-mcneely'
2025-08-08 21:17:39,638 - scrapelib - INFO - GET - 'https://www.assembly.nu.ca/node/6492'
2025-08-08 21:17:39,736 - scrapelib - INFO - GET - 'http://www.gov.mb.ca/legislature/members/info/bereza.html'
2025-08-08 21:17:39,758 - scrapelib - INFO - GET - 'https://www.ola.org/en/members/all/teresa-j-armstrong'
2025-08-08 21:17:39,822 - scrapelib - INFO - GET - 'https://nslegislature.ca/members/profiles/jill-balser'
2025-08-08 21:17:40,572 - scrapelib - INFO - GET - 'http://www.legassembly.sk.ca/mlas/member-details?first=Bhajan&last=Brar'
2025-08-08 21:17:40,578 - scrapelib - INFO - GET - 'https://www.legnb.ca/en/members/current/162/bockus-kathy'
2025-08-08 21:17:40,586 - scrapelib - INFO - GET - 'https://www.assembly.pe.ca/members/peter-bevan-baker'
2025-08-08 21:17:40,610 - scrapelib - INFO - GET - 'https://www.ntlegislativeassembly.ca/meet-members/mla/denny-rodgers'
2025-08-08 21:17:40,637 - scrapelib - INFO - GET - 'https://www.assembly.nu.ca/node/9695'
2025-08-08 21:17:40,747 - scrapelib - INFO - GET - 'http://www.gov.mb.ca/legislature/members/info/blashko.html'
2025-08-08 21:17:40,828 - scrapelib - INFO - GET - 'https://www.ola.org/en/members/all/aris-babikian'
2025-08-08 21:17:40,829 - scrapelib - INFO - GET - 'https://nslegislature.ca/members/profiles/danielle-barkhouse'
2025-08-08 21:17:41,078 - scrapelib - INFO - GET - 'https://www.assembly.ab.ca/members/members-of-the-legislative-assembly/member-information?mid=0894&legl=31&from=mla_home'
2025-08-08 21:17:41,264 - scrapelib - INFO - GET - 'https://www.ourcommons.ca/Content/Parliamentarians/Images/OfficialMPPhotos/44/AitchisonScott_CPC.jpg'
2025-08-08 21:17:41,581 - scrapelib - INFO - GET - 'http://www.legassembly.sk.ca/mlas/member-details?first=Kim&last=Breckner'
2025-08-08 21:17:41,588 - scrapelib - INFO - GET - 'https://www.legnb.ca/en/members/current/208/boudreau-lyne-chantal'
2025-08-08 21:17:41,590 - scrapelib - INFO - GET - 'https://www.assembly.pe.ca/members/jill-burridge'
2025-08-08 21:17:41,599 - scrapelib - INFO - GET - 'https://www.ourcommons.ca/Members/en/fares-al-soud(123033)'
2025-08-08 21:17:41,607 - scrapelib - INFO - GET - 'https://www.ntlegislativeassembly.ca/meet-members/mla/george-nerysoo'
2025-08-08 21:17:41,636 - scrapelib - INFO - GET - 'https://www.assembly.nu.ca/node/2669'
2025-08-08 21:17:41,738 - scrapelib - INFO - GET - 'http://www.gov.mb.ca/legislature/members/info/brar.html'
2025-08-08 21:17:41,761 - scrapelib - INFO - GET - 'https://www.ola.org/en/members/all/robert-bailey'
2025-08-08 21:17:41,820 - scrapelib - INFO - GET - 'https://www.assembly.ab.ca/members/members-of-the-legislative-assembly/member-information?mid=0898&legl=31&from=mla_home'
2025-08-08 21:17:41,820 - scrapelib - INFO - GET - 'https://nslegislature.ca/members/profiles/trevor-boudreau'
2025-08-08 21:17:42,570 - __main__ - INFO - ✅ Saskatchewan: Collected 5 records in 5.04s
2025-08-08 21:17:42,571 - __main__ - ERROR - Database error for Saskatchewan: (psycopg2.errors.InsufficientPrivilege) permission denied for table jurisdictions

[SQL: SELECT jurisdictions.id AS jurisdictions_id, jurisdictions.name AS jurisdictions_name, jurisdictions.jurisdiction_type AS jurisdictions_jurisdiction_type, jurisdictions.created_at AS jurisdictions_created_at, jurisdictions.updated_at AS jurisdictions_updated_at 
FROM jurisdictions 
WHERE jurisdictions.name = %(name_1)s 
 LIMIT %(param_1)s]
[parameters: {'name_1': 'Saskatchewan', 'param_1': 1}]
(Background on this error at: https://sqlalche.me/e/20/f405)
2025-08-08 21:17:42,571 - __main__ - INFO - Progress: 4/14 scrapers completed (small)
2025-08-08 21:17:42,585 - __main__ - INFO - ✅ New Brunswick: Collected 5 records in 5.06s
2025-08-08 21:17:42,586 - __main__ - ERROR - Database error for New Brunswick: (psycopg2.errors.InsufficientPrivilege) permission denied for table jurisdictions

[SQL: SELECT jurisdictions.id AS jurisdictions_id, jurisdictions.name AS jurisdictions_name, jurisdictions.jurisdiction_type AS jurisdictions_jurisdiction_type, jurisdictions.created_at AS jurisdictions_created_at, jurisdictions.updated_at AS jurisdictions_updated_at 
FROM jurisdictions 
WHERE jurisdictions.name = %(name_1)s 
 LIMIT %(param_1)s]
[parameters: {'name_1': 'New Brunswick', 'param_1': 1}]
(Background on this error at: https://sqlalche.me/e/20/f405)
2025-08-08 21:17:42,586 - __main__ - INFO - Progress: 5/14 scrapers completed (small)
2025-08-08 21:17:42,595 - __main__ - INFO - ✅ Prince Edward Island: Collected 5 records in 5.07s
2025-08-08 21:17:42,596 - __main__ - ERROR - Database error for Prince Edward Island: (psycopg2.errors.InsufficientPrivilege) permission denied for table jurisdictions

[SQL: SELECT jurisdictions.id AS jurisdictions_id, jurisdictions.name AS jurisdictions_name, jurisdictions.jurisdiction_type AS jurisdictions_jurisdiction_type, jurisdictions.created_at AS jurisdictions_created_at, jurisdictions.updated_at AS jurisdictions_updated_at 
FROM jurisdictions 
WHERE jurisdictions.name = %(name_1)s 
 LIMIT %(param_1)s]
[parameters: {'name_1': 'Prince Edward Island', 'param_1': 1}]
(Background on this error at: https://sqlalche.me/e/20/f405)
2025-08-08 21:17:42,596 - __main__ - INFO - Progress: 6/14 scrapers completed (small)
2025-08-08 21:17:42,614 - __main__ - INFO - ✅ Northwest Territories: Collected 5 records in 5.09s
2025-08-08 21:17:42,615 - __main__ - ERROR - Database error for Northwest Territories: (psycopg2.errors.InsufficientPrivilege) permission denied for table jurisdictions

[SQL: SELECT jurisdictions.id AS jurisdictions_id, jurisdictions.name AS jurisdictions_name, jurisdictions.jurisdiction_type AS jurisdictions_jurisdiction_type, jurisdictions.created_at AS jurisdictions_created_at, jurisdictions.updated_at AS jurisdictions_updated_at 
FROM jurisdictions 
WHERE jurisdictions.name = %(name_1)s 
 LIMIT %(param_1)s]
[parameters: {'name_1': 'Northwest Territories', 'param_1': 1}]
(Background on this error at: https://sqlalche.me/e/20/f405)
2025-08-08 21:17:42,615 - __main__ - INFO - Progress: 7/14 scrapers completed (small)
2025-08-08 21:17:42,640 - __main__ - INFO - ✅ Nunavut: Collected 5 records in 5.04s
2025-08-08 21:17:42,641 - __main__ - ERROR - Database error for Nunavut: (psycopg2.errors.InsufficientPrivilege) permission denied for table jurisdictions

[SQL: SELECT jurisdictions.id AS jurisdictions_id, jurisdictions.name AS jurisdictions_name, jurisdictions.jurisdiction_type AS jurisdictions_jurisdiction_type, jurisdictions.created_at AS jurisdictions_created_at, jurisdictions.updated_at AS jurisdictions_updated_at 
FROM jurisdictions 
WHERE jurisdictions.name = %(name_1)s 
 LIMIT %(param_1)s]
[parameters: {'name_1': 'Nunavut', 'param_1': 1}]
(Background on this error at: https://sqlalche.me/e/20/f405)
2025-08-08 21:17:42,641 - __main__ - INFO - Progress: 8/14 scrapers completed (small)
2025-08-08 21:17:42,749 - __main__ - INFO - ✅ Manitoba: Collected 5 records in 5.22s
2025-08-08 21:17:42,750 - __main__ - ERROR - Database error for Manitoba: (psycopg2.errors.InsufficientPrivilege) permission denied for table jurisdictions

[SQL: SELECT jurisdictions.id AS jurisdictions_id, jurisdictions.name AS jurisdictions_name, jurisdictions.jurisdiction_type AS jurisdictions_jurisdiction_type, jurisdictions.created_at AS jurisdictions_created_at, jurisdictions.updated_at AS jurisdictions_updated_at 
FROM jurisdictions 
WHERE jurisdictions.name = %(name_1)s 
 LIMIT %(param_1)s]
[parameters: {'name_1': 'Manitoba', 'param_1': 1}]
(Background on this error at: https://sqlalche.me/e/20/f405)
2025-08-08 21:17:42,750 - __main__ - INFO - Progress: 9/14 scrapers completed (small)
2025-08-08 21:17:42,873 - __main__ - INFO - ✅ Ontario: Collected 5 records in 5.38s
2025-08-08 21:17:42,873 - __main__ - INFO - ✅ Nova Scotia: Collected 5 records in 5.35s
2025-08-08 21:17:42,874 - __main__ - ERROR - Database error for Ontario: (psycopg2.errors.InsufficientPrivilege) permission denied for table jurisdictions

[SQL: SELECT jurisdictions.id AS jurisdictions_id, jurisdictions.name AS jurisdictions_name, jurisdictions.jurisdiction_type AS jurisdictions_jurisdiction_type, jurisdictions.created_at AS jurisdictions_created_at, jurisdictions.updated_at AS jurisdictions_updated_at 
FROM jurisdictions 
WHERE jurisdictions.name = %(name_1)s 
 LIMIT %(param_1)s]
[parameters: {'name_1': 'Ontario', 'param_1': 1}]
(Background on this error at: https://sqlalche.me/e/20/f405)
2025-08-08 21:17:42,874 - __main__ - INFO - Progress: 10/14 scrapers completed (large)
2025-08-08 21:17:42,874 - __main__ - ERROR - Database error for Nova Scotia: (psycopg2.errors.InsufficientPrivilege) permission denied for table jurisdictions

[SQL: SELECT jurisdictions.id AS jurisdictions_id, jurisdictions.name AS jurisdictions_name, jurisdictions.jurisdiction_type AS jurisdictions_jurisdiction_type, jurisdictions.created_at AS jurisdictions_created_at, jurisdictions.updated_at AS jurisdictions_updated_at 
FROM jurisdictions 
WHERE jurisdictions.name = %(name_1)s 
 LIMIT %(param_1)s]
[parameters: {'name_1': 'Nova Scotia', 'param_1': 1}]
(Background on this error at: https://sqlalche.me/e/20/f405)
2025-08-08 21:17:42,874 - __main__ - INFO - Progress: 11/14 scrapers completed (small)
2025-08-08 21:17:43,005 - scrapelib - INFO - GET - 'https://www.assembly.ab.ca/members/members-of-the-legislative-assembly/member-information?mid=0961&legl=31&from=mla_home'
2025-08-08 21:17:43,172 - scrapelib - INFO - GET - 'https://www.ourcommons.ca/Content/Parliamentarians/Images/OfficialMPPhotos/45/AlSoudFares_Lib.jpg'
2025-08-08 21:17:43,627 - scrapelib - INFO - GET - 'https://www.ourcommons.ca/Members/en/dan-albas(72029)'
2025-08-08 21:17:43,759 - scrapelib - INFO - GET - 'https://www.assembly.ab.ca/members/members-of-the-legislative-assembly/member-information?mid=0886&legl=31&from=mla_home'
2025-08-08 21:17:45,108 - __main__ - INFO - ✅ Alberta: Collected 5 records in 7.58s
2025-08-08 21:17:45,109 - __main__ - ERROR - Database error for Alberta: (psycopg2.errors.InsufficientPrivilege) permission denied for table jurisdictions

[SQL: SELECT jurisdictions.id AS jurisdictions_id, jurisdictions.name AS jurisdictions_name, jurisdictions.jurisdiction_type AS jurisdictions_jurisdiction_type, jurisdictions.created_at AS jurisdictions_created_at, jurisdictions.updated_at AS jurisdictions_updated_at 
FROM jurisdictions 
WHERE jurisdictions.name = %(name_1)s 
 LIMIT %(param_1)s]
[parameters: {'name_1': 'Alberta', 'param_1': 1}]
(Background on this error at: https://sqlalche.me/e/20/f405)
2025-08-08 21:17:45,109 - __main__ - INFO - Progress: 12/14 scrapers completed (medium)
2025-08-08 21:17:45,115 - scrapelib - INFO - GET - 'https://www.ourcommons.ca/Content/Parliamentarians/Images/OfficialMPPhotos/44/AlbasDan_CPC.jpg'
2025-08-08 21:17:45,618 - scrapelib - INFO - GET - 'https://www.ourcommons.ca/Members/en/shafqat-ali(110339)'
2025-08-08 21:17:47,490 - scrapelib - INFO - GET - 'https://www.ourcommons.ca/Content/Parliamentarians/Images/OfficialMPPhotos/45/AliShafqat_Lib.jpg'
2025-08-08 21:17:47,624 - __main__ - INFO - ✅ Canada Federal: Collected 5 records in 10.13s
2025-08-08 21:17:47,625 - __main__ - ERROR - Database error for Canada Federal: (psycopg2.errors.InsufficientPrivilege) permission denied for table jurisdictions

[SQL: SELECT jurisdictions.id AS jurisdictions_id, jurisdictions.name AS jurisdictions_name, jurisdictions.jurisdiction_type AS jurisdictions_jurisdiction_type, jurisdictions.created_at AS jurisdictions_created_at, jurisdictions.updated_at AS jurisdictions_updated_at 
FROM jurisdictions 
WHERE jurisdictions.name = %(name_1)s 
 LIMIT %(param_1)s]
[parameters: {'name_1': 'Canada Federal', 'param_1': 1}]
(Background on this error at: https://sqlalche.me/e/20/f405)
2025-08-08 21:17:47,625 - __main__ - INFO - Progress: 13/14 scrapers completed (large)
2025-08-08 21:17:47,625 - __main__ - INFO - ✅ Completed testing 14 provincial scrapers with 12 workers
2025-08-08 21:17:47,625 - __main__ - INFO - 📊 PROVINCIAL: 13 successful, 1 failed
2025-08-08 21:17:47,625 - __main__ - INFO - 📊 Sizes: Small 9, Medium 2, Large 3
2025-08-08 21:17:47,625 - __main__ - INFO - 
🔄 Starting MUNICIPAL scrapers...
2025-08-08 21:17:47,625 - __main__ - INFO - 
============================================================
2025-08-08 21:17:47,625 - __main__ - INFO - Testing MUNICIPAL scrapers (OPTIMIZED PARALLEL)
2025-08-08 21:17:47,625 - __main__ - INFO - ============================================================
2025-08-08 21:17:47,625 - __main__ - WARNING - scrapers-ca directory not found
2025-08-08 21:17:47,625 - __main__ - INFO - Found 33 scrapers to test
2025-08-08 21:17:47,625 - __main__ - INFO - 📊 Resource Analysis: CPU 20.6%, Memory 51.5%
2025-08-08 21:17:47,625 - __main__ - INFO - 📊 Scraper Sizes: Small 21, Medium 10, Large 2
2025-08-08 21:17:47,625 - __main__ - INFO - 📊 Optimal Workers: 12 (range: 10-20)
2025-08-08 21:17:47,625 - __main__ - INFO - 🚀 Testing Toronto, ON (municipal, large)
2025-08-08 21:17:47,625 - __main__ - INFO - 🚀 Testing Montreal, QC (municipal, large)
2025-08-08 21:17:47,625 - __main__ - INFO - 🚀 Testing Vancouver, BC (municipal, medium)
2025-08-08 21:17:47,626 - __main__ - INFO - 🚀 Testing Calgary, AB (municipal, medium)
2025-08-08 21:17:47,626 - __main__ - INFO - 🚀 Testing Edmonton, AB (municipal, medium)
2025-08-08 21:17:47,626 - __main__ - INFO - 🚀 Testing Ottawa, ON (municipal, medium)
2025-08-08 21:17:47,626 - __main__ - INFO - 🚀 Testing Mississauga, ON (municipal, medium)
2025-08-08 21:17:47,626 - __main__ - INFO - 🚀 Testing Brampton, ON (municipal, medium)
2025-08-08 21:17:47,626 - __main__ - INFO - 🚀 Testing Hamilton, ON (municipal, medium)
2025-08-08 21:17:47,626 - __main__ - INFO - 🚀 Testing Kitchener, ON (municipal, small)
2025-08-08 21:17:47,626 - __main__ - INFO - 🚀 Testing London, ON (municipal, small)
2025-08-08 21:17:47,627 - __main__ - INFO - 🚀 Testing Windsor, ON (municipal, small)
2025-08-08 21:17:47,627 - scrapelib - INFO - GET - 'https://ckan0.cf.opendata.inter.prod-toronto.ca/dataset/27aa4651-4548-4e57-bf00-53a346931251/resource/dea217a2-f7c1-4e62-aec1-48fffaad1170/download/2022-2026%20Elected%20Officials%20Contact%20Info.csv'
2025-08-08 21:17:47,627 - scrapelib - INFO - GET - 'https://donnees.montreal.ca/dataset/381d74ca-dadd-459f-95c9-db255b5f4480/resource/ce1315a3-50ee-48d0-a0f0-9bcc15f65643/download/liste_elus_montreal.csv'
2025-08-08 21:17:47,627 - scrapelib - INFO - GET - 'https://www.calgary.ca/council/councillors-and-wards.html'
2025-08-08 21:17:47,627 - scrapelib - INFO - GET - 'https://www.edmonton.ca/city_government/city_organization/the-mayor'
2025-08-08 21:17:47,627 - scrapelib - INFO - GET - 'https://opendata.vancouver.ca/explore/dataset/elected-officials-contact-information/download/?format=csv&timezone=America/New_York&use_labels_for_header=true&csv_separator=%3B'
2025-08-08 21:17:47,627 - scrapelib - INFO - GET - 'https://www.arcgis.com/sharing/rest/content/items/a5e9dc2425274bb796d3ded47b0d7b00/data'
2025-08-08 21:17:47,628 - scrapelib - INFO - GET - 'http://www.mississauga.ca/portal/cityhall/mayorandcouncil'
2025-08-08 21:17:47,628 - scrapelib - INFO - GET - 'https://opendata.arcgis.com/datasets/c6ba9407f9ec4771b575a3c5ee3f89d3_0.csv'
2025-08-08 21:17:47,628 - scrapelib - INFO - GET - 'https://www.hamilton.ca/city-council/council-committee/city-council-members/city-councillors'
2025-08-08 21:17:47,628 - scrapelib - INFO - GET - 'https://www.arcgis.com/sharing/rest/content/items/6345aeda8fa74917a2500e66a3bb432e/data'
2025-08-08 21:17:47,629 - scrapelib - INFO - GET - 'https://app2.kitchener.ca/appdocs/opendata/staticdatasets/Elected_Officials.csv'
2025-08-08 21:17:47,630 - scrapelib - INFO - POST - 'https://www.citywindsor.ca/v1/Search/portal?searchText='
2025-08-08 21:17:47,700 - __main__ - ERROR - ❌ Toronto, ON: Scraping error - 'str' object has no attribute 'classification'
2025-08-08 21:17:47,700 - __main__ - ERROR - ❌ Toronto, ON: Scraping failed - 'str' object has no attribute 'classification'
2025-08-08 21:17:47,700 - __main__ - ERROR - ❌ Toronto, ON: Failed - 'str' object has no attribute 'classification'
2025-08-08 21:17:47,701 - __main__ - INFO - 🚀 Testing Quebec City, QC (municipal, medium)
2025-08-08 21:17:47,701 - __main__ - INFO - Progress: 0/33 scrapers completed (large)
2025-08-08 21:17:47,715 - scrapelib - WARNING - sleeping for 10 seconds before retry
2025-08-08 21:17:47,715 - scrapelib - INFO - GET - 'https://www.ville.quebec.qc.ca/apropos/gouvernance/conseil-municipal/membres.aspx'
2025-08-08 21:17:47,737 - scrapelib - INFO - GET - 'https://www.citywindsor.ca/directory/mayor-drew-dilkens'
2025-08-08 21:17:47,765 - scrapelib - INFO - GET - 'https://www.hamilton.ca/city-council/council-committee/city-council-members/mayors-office'
2025-08-08 21:17:47,779 - scrapelib - INFO - GET - 'https://www.mississauga.ca/council/city-council-members/ward-1-councillor-stephen-dasko/'
2025-08-08 21:17:47,785 - scrapelib - INFO - GET - 'https://www.edmonton.ca/city_government/city_organization/mayor/contact-the-mayor'
2025-08-08 21:17:47,821 - __main__ - ERROR - ❌ London, ON: Scraping error - 'str' object has no attribute 'classification'
2025-08-08 21:17:47,821 - __main__ - ERROR - ❌ London, ON: Scraping failed - 'str' object has no attribute 'classification'
2025-08-08 21:17:47,821 - __main__ - ERROR - ❌ London, ON: Failed - 'str' object has no attribute 'classification'
2025-08-08 21:17:47,821 - __main__ - INFO - 🚀 Testing Laval, QC (municipal, small)
2025-08-08 21:17:47,821 - __main__ - INFO - Progress: 1/33 scrapers completed (small)
2025-08-08 21:17:47,822 - scrapelib - INFO - GET - 'https://www.donneesquebec.ca/recherche/fr/dataset/8fe69713-fade-4751-a0b4-7e57a81886b1/resource/bb38e19e-26ab-495c-a0f7-ed6b3268b6e6/download/liste-elus.csv'
2025-08-08 21:17:47,858 - __main__ - ERROR - ❌ Kitchener, ON: Scraping error - 'str' object has no attribute 'division_name'
2025-08-08 21:17:47,859 - __main__ - ERROR - ❌ Kitchener, ON: Scraping failed - 'str' object has no attribute 'division_name'
2025-08-08 21:17:47,859 - __main__ - ERROR - ❌ Kitchener, ON: Failed - 'str' object has no attribute 'division_name'
2025-08-08 21:17:47,859 - __main__ - INFO - 🚀 Testing Gatineau, QC (municipal, small)
2025-08-08 21:17:47,859 - __main__ - INFO - Progress: 2/33 scrapers completed (small)
2025-08-08 21:17:47,859 - scrapelib - INFO - GET - 'http://www.gatineau.ca/portail/default.aspx?p=guichet_municipal%2fconseil_municipal'
2025-08-08 21:17:47,885 - __main__ - INFO - ✅ Quebec City, QC: Collected 5 records in 0.17s
2025-08-08 21:17:47,885 - __main__ - INFO - 🚀 Testing Surrey, BC (municipal, medium)
2025-08-08 21:17:47,885 - scrapelib - INFO - GET - 'https://www.surrey.ca/city-government/mayor-council/city-councillors'
2025-08-08 21:17:47,886 - __main__ - ERROR - Database error for Quebec City, QC: (psycopg2.errors.InsufficientPrivilege) permission denied for table jurisdictions

[SQL: SELECT jurisdictions.id AS jurisdictions_id, jurisdictions.name AS jurisdictions_name, jurisdictions.jurisdiction_type AS jurisdictions_jurisdiction_type, jurisdictions.created_at AS jurisdictions_created_at, jurisdictions.updated_at AS jurisdictions_updated_at 
FROM jurisdictions 
WHERE jurisdictions.name = %(name_1)s 
 LIMIT %(param_1)s]
[parameters: {'name_1': 'Quebec City, QC', 'param_1': 1}]
(Background on this error at: https://sqlalche.me/e/20/f405)
2025-08-08 21:17:47,886 - __main__ - INFO - Progress: 3/33 scrapers completed (medium)
2025-08-08 21:17:47,943 - __main__ - ERROR - ❌ Laval, QC: Scraping error - 'str' object has no attribute 'classification'
2025-08-08 21:17:47,943 - __main__ - ERROR - ❌ Laval, QC: Scraping failed - 'str' object has no attribute 'classification'
2025-08-08 21:17:47,943 - __main__ - ERROR - ❌ Laval, QC: Failed - 'str' object has no attribute 'classification'
2025-08-08 21:17:47,943 - __main__ - INFO - 🚀 Testing Burnaby, BC (municipal, small)
2025-08-08 21:17:47,943 - __main__ - INFO - Progress: 4/33 scrapers completed (small)
2025-08-08 21:17:47,943 - scrapelib - INFO - GET - 'https://www.burnaby.ca/our-city/mayor-and-council'
2025-08-08 21:17:47,948 - scrapelib - INFO - GET - 'https://www.surrey.ca/city-government/mayor-council/city-councillors/councillor-doug-elford'
2025-08-08 21:17:47,970 - __main__ - INFO - ✅ Calgary, AB: Collected 5 records in 0.34s
2025-08-08 21:17:47,971 - __main__ - INFO - 🚀 Testing Richmond, BC (municipal, small)
2025-08-08 21:17:47,971 - scrapelib - INFO - GET - 'https://www.richmond.ca/city-hall/city-council.htm'
2025-08-08 21:17:47,971 - __main__ - ERROR - Database error for Calgary, AB: (psycopg2.errors.InsufficientPrivilege) permission denied for table jurisdictions

[SQL: SELECT jurisdictions.id AS jurisdictions_id, jurisdictions.name AS jurisdictions_name, jurisdictions.jurisdiction_type AS jurisdictions_jurisdiction_type, jurisdictions.created_at AS jurisdictions_created_at, jurisdictions.updated_at AS jurisdictions_updated_at 
FROM jurisdictions 
WHERE jurisdictions.name = %(name_1)s 
 LIMIT %(param_1)s]
[parameters: {'name_1': 'Calgary, AB', 'param_1': 1}]
(Background on this error at: https://sqlalche.me/e/20/f405)
2025-08-08 21:17:47,972 - __main__ - INFO - Progress: 5/33 scrapers completed (medium)
2025-08-08 21:17:48,015 - __main__ - ERROR - ❌ Vancouver, BC: Scraping error - 'str' object has no attribute 'division_name'
2025-08-08 21:17:48,015 - __main__ - ERROR - ❌ Vancouver, BC: Scraping failed - 'str' object has no attribute 'division_name'
2025-08-08 21:17:48,015 - __main__ - ERROR - ❌ Vancouver, BC: Failed - 'str' object has no attribute 'division_name'
2025-08-08 21:17:48,016 - __main__ - INFO - 🚀 Testing Abbotsford, BC (municipal, small)
2025-08-08 21:17:48,016 - __main__ - INFO - Progress: 6/33 scrapers completed (medium)
2025-08-08 21:17:48,016 - scrapelib - INFO - GET - 'https://www.abbotsford.ca/council/city-council'
2025-08-08 21:17:48,187 - scrapelib - INFO - GET - 'https://www.abbotsford.ca/city-hall/contact-us'
2025-08-08 21:17:48,252 - scrapelib - INFO - GET - 'http://www.gatineau.ca/portail/default.aspx?p=guichet_municipal%2fconseil_municipal/maire'
2025-08-08 21:17:48,288 - scrapelib - INFO - GET - 'https://www.richmond.ca/city-hall/city-council/members/brodie.htm?PageMode=HTML'
2025-08-08 21:17:48,646 - scrapelib - INFO - GET - 'https://www.mississauga.ca/council/city-council-members/ward-2-councillor-alvin-tedjo/'
2025-08-08 21:17:48,709 - scrapelib - INFO - GET - 'https://www.citywindsor.ca/directory/councillor-fred-francis'
2025-08-08 21:17:48,720 - scrapelib - INFO - GET - 'https://www.hamilton.ca/city-council/council-committee/city-council-members/city-councillors/ward-1'
2025-08-08 21:17:48,920 - scrapelib - INFO - GET - 'https://www.surrey.ca/city-government/mayor-council/city-councillors/councillor-gordon-hepner'
2025-08-08 21:17:49,056 - scrapelib - INFO - GET - 'https://www.richmond.ca/city-hall/city-council/members/loo.htm?PageMode=HTML'
2025-08-08 21:17:49,101 - scrapelib - INFO - GET - 'http://www.gatineau.ca/portail/default.aspx?p=guichet_municipal%2fconseil_municipal/district_1'
2025-08-08 21:17:49,128 - __main__ - INFO - ✅ Abbotsford, BC: Collected 5 records in 1.11s
2025-08-08 21:17:49,128 - __main__ - INFO - 🚀 Testing Kelowna, BC (municipal, small)
2025-08-08 21:17:49,129 - scrapelib - INFO - GET - 'https://www.arcgis.com/sharing/rest/content/items/9333b66380424479816685a9fe44f06f/data'
2025-08-08 21:17:49,130 - __main__ - ERROR - Database error for Abbotsford, BC: (psycopg2.errors.InsufficientPrivilege) permission denied for table jurisdictions

[SQL: SELECT jurisdictions.id AS jurisdictions_id, jurisdictions.name AS jurisdictions_name, jurisdictions.jurisdiction_type AS jurisdictions_jurisdiction_type, jurisdictions.created_at AS jurisdictions_created_at, jurisdictions.updated_at AS jurisdictions_updated_at 
FROM jurisdictions 
WHERE jurisdictions.name = %(name_1)s 
 LIMIT %(param_1)s]
[parameters: {'name_1': 'Abbotsford, BC', 'param_1': 1}]
(Background on this error at: https://sqlalche.me/e/20/f405)
2025-08-08 21:17:49,130 - __main__ - INFO - Progress: 7/33 scrapers completed (small)
2025-08-08 21:17:49,279 - __main__ - ERROR - ❌ Kelowna, BC: Scraping error - 'str' object has no attribute 'classification'
2025-08-08 21:17:49,279 - __main__ - ERROR - ❌ Kelowna, BC: Scraping failed - 'str' object has no attribute 'classification'
2025-08-08 21:17:49,279 - __main__ - ERROR - ❌ Kelowna, BC: Failed - 'str' object has no attribute 'classification'
2025-08-08 21:17:49,279 - __main__ - INFO - 🚀 Testing Victoria, BC (municipal, small)
2025-08-08 21:17:49,279 - __main__ - INFO - Progress: 8/33 scrapers completed (small)
2025-08-08 21:17:49,280 - scrapelib - INFO - GET - 'https://www.victoria.ca/city-government/mayor-council/members-council'
2025-08-08 21:17:49,295 - scrapelib - INFO - GET - 'https://www.burnaby.ca/our-city/mayor-and-council/mayor-mike-hurley'
2025-08-08 21:17:49,334 - __main__ - ERROR - ❌ Montreal, QC: Scraping error - 'str' object has no attribute 'classification'
2025-08-08 21:17:49,334 - __main__ - ERROR - ❌ Montreal, QC: Scraping failed - 'str' object has no attribute 'classification'
2025-08-08 21:17:49,334 - __main__ - ERROR - ❌ Montreal, QC: Failed - 'str' object has no attribute 'classification'
2025-08-08 21:17:49,335 - __main__ - INFO - 🚀 Testing Red Deer, AB (municipal, small)
2025-08-08 21:17:49,335 - __main__ - INFO - Progress: 9/33 scrapers completed (large)
2025-08-08 21:17:49,335 - __main__ - INFO - 🚀 Testing Lethbridge, AB (municipal, small)
2025-08-08 21:17:49,335 - __main__ - INFO - Progress: 10/33 scrapers completed (small)
2025-08-08 21:17:49,335 - scrapelib - INFO - GET - 'https://www.lethbridge.ca/council-administration-governance/mayor-and-councillors/mayors-office'
2025-08-08 21:17:49,455 - scrapelib - INFO - GET - 'https://www.lethbridge.ca/council-administration-governance/mayor-and-councillors/councillors-office'
2025-08-08 21:17:49,485 - __main__ - INFO - ✅ Victoria, BC: Collected 5 records in 0.20s
2025-08-08 21:17:49,485 - __main__ - INFO - 🚀 Testing Medicine Hat, AB (municipal, small)
2025-08-08 21:17:49,485 - __main__ - INFO - 🚀 Testing Saskatoon, SK (municipal, small)
2025-08-08 21:17:49,485 - scrapelib - INFO - GET - 'https://www.saskatoon.ca/city-hall/mayor-city-councillors/city-councillors-wards'
2025-08-08 21:17:49,486 - __main__ - ERROR - Database error for Victoria, BC: (psycopg2.errors.InsufficientPrivilege) permission denied for table jurisdictions

[SQL: SELECT jurisdictions.id AS jurisdictions_id, jurisdictions.name AS jurisdictions_name, jurisdictions.jurisdiction_type AS jurisdictions_jurisdiction_type, jurisdictions.created_at AS jurisdictions_created_at, jurisdictions.updated_at AS jurisdictions_updated_at 
FROM jurisdictions 
WHERE jurisdictions.name = %(name_1)s 
 LIMIT %(param_1)s]
[parameters: {'name_1': 'Victoria, BC', 'param_1': 1}]
(Background on this error at: https://sqlalche.me/e/20/f405)
2025-08-08 21:17:49,486 - __main__ - INFO - Progress: 11/33 scrapers completed (small)
2025-08-08 21:17:49,486 - __main__ - INFO - Progress: 12/33 scrapers completed (small)
2025-08-08 21:17:49,603 - scrapelib - INFO - GET - 'https://www.saskatoon.ca/city-hall/mayor-city-councillors/city-councillors-wards/ward-1'
2025-08-08 21:17:49,669 - scrapelib - INFO - GET - 'https://www.citywindsor.ca/directory/councillor-renaldo-agostino'
2025-08-08 21:17:49,672 - scrapelib - INFO - GET - 'https://www.mississauga.ca/council/city-council-members/ward-3-councillor-chris-fonseca/'
2025-08-08 21:17:49,732 - scrapelib - INFO - GET - 'https://www.hamilton.ca/city-council/council-committee/city-council-members/city-councillors/ward-2'
2025-08-08 21:17:49,819 - __main__ - ERROR - ❌ Brampton, ON: Scraping error - 'str' object has no attribute 'classification'
2025-08-08 21:17:49,819 - __main__ - ERROR - ❌ Brampton, ON: Scraping failed - 'str' object has no attribute 'classification'
2025-08-08 21:17:49,819 - __main__ - ERROR - ❌ Brampton, ON: Failed - 'str' object has no attribute 'classification'
2025-08-08 21:17:49,819 - __main__ - INFO - 🚀 Testing Regina, SK (municipal, small)
2025-08-08 21:17:49,819 - __main__ - INFO - Progress: 13/33 scrapers completed (medium)
2025-08-08 21:17:49,819 - scrapelib - INFO - GET - 'https://www.regina.ca/city-government/city-council'
2025-08-08 21:17:49,925 - scrapelib - INFO - GET - 'https://www.surrey.ca/city-government/mayor-council/city-councillors/councillor-harry-bains'
2025-08-08 21:17:49,950 - scrapelib - INFO - GET - 'https://www.edmonton.ca/city_government/city_organization/city-councillors'
2025-08-08 21:17:50,008 - scrapelib - INFO - GET - 'https://www.edmonton.ca/city_government/city_organization/ward-anirniq'
2025-08-08 21:17:50,062 - scrapelib - INFO - GET - 'https://www.richmond.ca/city-hall/city-council/members/ChakKwongAu.htm?PageMode=HTML'
2025-08-08 21:17:50,160 - scrapelib - INFO - GET - 'http://www.gatineau.ca/portail/default.aspx?p=guichet_municipal%2fconseil_municipal/district_2'
2025-08-08 21:17:50,277 - scrapelib - INFO - GET - 'https://www.burnaby.ca/our-city/mayor-and-council/councillor-pietro-calendino'
2025-08-08 21:17:50,363 - __main__ - INFO - ✅ Regina, SK: Collected 5 records in 0.54s
2025-08-08 21:17:50,363 - __main__ - INFO - 🚀 Testing Winnipeg, MB (municipal, medium)
2025-08-08 21:17:50,364 - scrapelib - INFO - GET - 'https://data.winnipeg.ca/resource/r4tk-7dip.json'
2025-08-08 21:17:50,365 - __main__ - ERROR - Database error for Regina, SK: (psycopg2.errors.InsufficientPrivilege) permission denied for table jurisdictions

[SQL: SELECT jurisdictions.id AS jurisdictions_id, jurisdictions.name AS jurisdictions_name, jurisdictions.jurisdiction_type AS jurisdictions_jurisdiction_type, jurisdictions.created_at AS jurisdictions_created_at, jurisdictions.updated_at AS jurisdictions_updated_at 
FROM jurisdictions 
WHERE jurisdictions.name = %(name_1)s 
 LIMIT %(param_1)s]
[parameters: {'name_1': 'Regina, SK', 'param_1': 1}]
(Background on this error at: https://sqlalche.me/e/20/f405)
2025-08-08 21:17:50,365 - __main__ - INFO - Progress: 14/33 scrapers completed (small)
2025-08-08 21:17:50,390 - scrapelib - INFO - GET - 'https://www.lethbridge.ca/council-administration-governance/mayor-and-councillors/councillors-office/belinda-crowson-councillor/'
2025-08-08 21:17:50,656 - scrapelib - INFO - GET - 'https://www.mississauga.ca/council/city-council-members/ward-4-councillor-john-kovac/'
2025-08-08 21:17:50,690 - scrapelib - INFO - GET - 'https://www.citywindsor.ca/directory/councillor-mark-mckenzie'
2025-08-08 21:17:50,734 - scrapelib - INFO - GET - 'https://www.hamilton.ca/city-council/council-committee/city-council-members/city-councillors/ward-3'
2025-08-08 21:17:50,865 - scrapelib - INFO - GET - 'http://winnipeg.ca/council/'
2025-08-08 21:17:50,931 - scrapelib - INFO - GET - 'https://www.surrey.ca/city-government/mayor-council/city-councillors/councillor-linda-annis'
2025-08-08 21:17:51,025 - scrapelib - INFO - GET - 'https://www.edmonton.ca/city_government/city_organization/ward-dene'
2025-08-08 21:17:51,066 - scrapelib - INFO - GET - 'https://www.richmond.ca/city-hall/city-council/members/day.htm?PageMode=HTML'
2025-08-08 21:17:51,084 - scrapelib - INFO - GET - 'https://www.burnaby.ca/our-city/mayor-and-council/councillor-sav-dhaliwal'
2025-08-08 21:17:51,127 - scrapelib - INFO - GET - 'http://www.gatineau.ca/portail/default.aspx?p=guichet_municipal%2fconseil_municipal/district_3'
2025-08-08 21:17:51,377 - scrapelib - INFO - GET - 'https://www.lethbridge.ca/council-administration-governance/mayor-and-councillors/councillors-office/jeff-carlson-councillor/'
2025-08-08 21:17:51,441 - scrapelib - INFO - GET - 'https://www.saskatoon.ca/city-hall/mayor-city-councillors/city-councillors-wards/ward-2'
2025-08-08 21:17:51,660 - scrapelib - INFO - GET - 'https://www.mississauga.ca/council/city-council-members/ward-5-councillor-natalie-hart/'
2025-08-08 21:17:51,676 - scrapelib - INFO - GET - 'https://www.citywindsor.ca/directory/councillor-ed-sleiman'
2025-08-08 21:17:51,739 - scrapelib - INFO - GET - 'https://www.hamilton.ca/city-council/council-committee/city-council-members/city-councillors/ward-4'
2025-08-08 21:17:51,848 - __main__ - INFO - ✅ Winnipeg, MB: Collected 5 records in 1.48s
2025-08-08 21:17:51,848 - __main__ - INFO - 🚀 Testing Halifax, NS (municipal, small)
2025-08-08 21:17:51,848 - scrapelib - INFO - GET - 'https://www.halifax.ca/city-hall/districts-councillors'
2025-08-08 21:17:51,849 - __main__ - ERROR - Database error for Winnipeg, MB: (psycopg2.errors.InsufficientPrivilege) permission denied for table jurisdictions

[SQL: SELECT jurisdictions.id AS jurisdictions_id, jurisdictions.name AS jurisdictions_name, jurisdictions.jurisdiction_type AS jurisdictions_jurisdiction_type, jurisdictions.created_at AS jurisdictions_created_at, jurisdictions.updated_at AS jurisdictions_updated_at 
FROM jurisdictions 
WHERE jurisdictions.name = %(name_1)s 
 LIMIT %(param_1)s]
[parameters: {'name_1': 'Winnipeg, MB', 'param_1': 1}]
(Background on this error at: https://sqlalche.me/e/20/f405)
2025-08-08 21:17:51,849 - __main__ - INFO - Progress: 15/33 scrapers completed (medium)
2025-08-08 21:17:51,937 - scrapelib - INFO - GET - 'https://www.surrey.ca/city-government/mayor-council/city-councillors/councillor-mandeep-nagra'
2025-08-08 21:17:51,977 - scrapelib - INFO - GET - 'https://www.halifax.ca/city-hall/mayor'
2025-08-08 21:17:52,013 - scrapelib - INFO - GET - 'https://www.edmonton.ca/city_government/city_organization/ward-ipiihkoohkanipiaohtsi'
2025-08-08 21:17:52,068 - scrapelib - INFO - GET - 'https://www.richmond.ca/city-hall/city-council/members/lgillanders.htm?PageMode=HTML'
2025-08-08 21:17:52,122 - scrapelib - INFO - GET - 'http://www.gatineau.ca/portail/default.aspx?p=guichet_municipal%2fconseil_municipal/district_4'
2025-08-08 21:17:52,179 - scrapelib - INFO - GET - 'https://www.saskatoon.ca/city-hall/mayor-city-councillors/city-councillors-wards/ward-3'
2025-08-08 21:17:52,391 - scrapelib - INFO - GET - 'https://www.lethbridge.ca/council-administration-governance/mayor-and-councillors/councillors-office/jenn-schmidt-rempel-councillor/'
2025-08-08 21:17:52,422 - scrapelib - INFO - GET - 'https://www.burnaby.ca/our-city/mayor-and-council/councillor-alison-gu'
2025-08-08 21:17:52,661 - __main__ - INFO - ✅ Mississauga, ON: Collected 5 records in 5.03s
2025-08-08 21:17:52,661 - __main__ - INFO - 🚀 Testing Saint John, NB (municipal, small)
2025-08-08 21:17:52,662 - scrapelib - INFO - GET - 'https://opendata.arcgis.com/datasets/256aed00cd13455cac721eb56769c4d4_0.csv'
2025-08-08 21:17:52,662 - __main__ - ERROR - Database error for Mississauga, ON: (psycopg2.errors.InsufficientPrivilege) permission denied for table jurisdictions

[SQL: SELECT jurisdictions.id AS jurisdictions_id, jurisdictions.name AS jurisdictions_name, jurisdictions.jurisdiction_type AS jurisdictions_jurisdiction_type, jurisdictions.created_at AS jurisdictions_created_at, jurisdictions.updated_at AS jurisdictions_updated_at 
FROM jurisdictions 
WHERE jurisdictions.name = %(name_1)s 
 LIMIT %(param_1)s]
[parameters: {'name_1': 'Mississauga, ON', 'param_1': 1}]
(Background on this error at: https://sqlalche.me/e/20/f405)
2025-08-08 21:17:52,662 - __main__ - INFO - Progress: 16/33 scrapers completed (medium)
2025-08-08 21:17:52,676 - __main__ - INFO - ✅ Windsor, ON: Collected 5 records in 5.05s
2025-08-08 21:17:52,676 - __main__ - INFO - 🚀 Testing Moncton, NB (municipal, small)
2025-08-08 21:17:52,676 - scrapelib - INFO - GET - 'https://services1.arcgis.com/E26PuSoie2Y7bbyI/arcgis/rest/services/Elected_Officials/FeatureServer/0/query?outFields=*&where=1%3D1&f=geojson'
2025-08-08 21:17:52,677 - __main__ - ERROR - Database error for Windsor, ON: (psycopg2.errors.InsufficientPrivilege) permission denied for table jurisdictions

[SQL: SELECT jurisdictions.id AS jurisdictions_id, jurisdictions.name AS jurisdictions_name, jurisdictions.jurisdiction_type AS jurisdictions_jurisdiction_type, jurisdictions.created_at AS jurisdictions_created_at, jurisdictions.updated_at AS jurisdictions_updated_at 
FROM jurisdictions 
WHERE jurisdictions.name = %(name_1)s 
 LIMIT %(param_1)s]
[parameters: {'name_1': 'Windsor, ON', 'param_1': 1}]
(Background on this error at: https://sqlalche.me/e/20/f405)
2025-08-08 21:17:52,677 - __main__ - INFO - Progress: 17/33 scrapers completed (small)
2025-08-08 21:17:52,741 - __main__ - INFO - ✅ Hamilton, ON: Collected 5 records in 5.11s
2025-08-08 21:17:52,741 - __main__ - INFO - 🚀 Testing Fredericton, NB (municipal, small)
2025-08-08 21:17:52,742 - scrapelib - INFO - GET - 'https://www.fredericton.ca/en/your-government/mayor-council'
2025-08-08 21:17:52,742 - __main__ - ERROR - Database error for Hamilton, ON: (psycopg2.errors.InsufficientPrivilege) permission denied for table jurisdictions

[SQL: SELECT jurisdictions.id AS jurisdictions_id, jurisdictions.name AS jurisdictions_name, jurisdictions.jurisdiction_type AS jurisdictions_jurisdiction_type, jurisdictions.created_at AS jurisdictions_created_at, jurisdictions.updated_at AS jurisdictions_updated_at 
FROM jurisdictions 
WHERE jurisdictions.name = %(name_1)s 
 LIMIT %(param_1)s]
[parameters: {'name_1': 'Hamilton, ON', 'param_1': 1}]
(Background on this error at: https://sqlalche.me/e/20/f405)
2025-08-08 21:17:52,742 - __main__ - INFO - Progress: 18/33 scrapers completed (medium)
2025-08-08 21:17:52,924 - scrapelib - INFO - GET - 'https://www.fredericton.ca/your-government/mayor-council/kate-rogers'
2025-08-08 21:17:52,943 - __main__ - INFO - ✅ Surrey, BC: Collected 5 records in 5.06s
2025-08-08 21:17:52,943 - __main__ - INFO - 🚀 Testing Charlottetown, PE (municipal, small)
2025-08-08 21:17:52,943 - scrapelib - INFO - GET - 'https://www.charlottetown.ca/mayor___council/city_council/meet_my_councillor'
2025-08-08 21:17:52,945 - __main__ - ERROR - Database error for Surrey, BC: (psycopg2.errors.InsufficientPrivilege) permission denied for table jurisdictions

[SQL: SELECT jurisdictions.id AS jurisdictions_id, jurisdictions.name AS jurisdictions_name, jurisdictions.jurisdiction_type AS jurisdictions_jurisdiction_type, jurisdictions.created_at AS jurisdictions_created_at, jurisdictions.updated_at AS jurisdictions_updated_at 
FROM jurisdictions 
WHERE jurisdictions.name = %(name_1)s 
 LIMIT %(param_1)s]
[parameters: {'name_1': 'Surrey, BC', 'param_1': 1}]
(Background on this error at: https://sqlalche.me/e/20/f405)
2025-08-08 21:17:52,945 - __main__ - INFO - Progress: 19/33 scrapers completed (medium)
2025-08-08 21:17:53,023 - scrapelib - INFO - GET - 'https://www.edmonton.ca/city_government/city_organization/ward-karhiio'
2025-08-08 21:17:53,045 - scrapelib - INFO - GET - 'https://www.halifax.ca/city-hall/districts-councillors/district-1'
2025-08-08 21:17:53,073 - __main__ - INFO - ✅ Richmond, BC: Collected 5 records in 5.10s
2025-08-08 21:17:53,073 - __main__ - INFO - 🚀 Testing St. John's, NL (municipal, small)
2025-08-08 21:17:53,073 - scrapelib - INFO - GET - 'https://www.stjohns.ca/en/city-hall/mayor-and-council.aspx'
2025-08-08 21:17:53,074 - __main__ - ERROR - Database error for Richmond, BC: (psycopg2.errors.InsufficientPrivilege) permission denied for table jurisdictions

[SQL: SELECT jurisdictions.id AS jurisdictions_id, jurisdictions.name AS jurisdictions_name, jurisdictions.jurisdiction_type AS jurisdictions_jurisdiction_type, jurisdictions.created_at AS jurisdictions_created_at, jurisdictions.updated_at AS jurisdictions_updated_at 
FROM jurisdictions 
WHERE jurisdictions.name = %(name_1)s 
 LIMIT %(param_1)s]
[parameters: {'name_1': 'Richmond, BC', 'param_1': 1}]
(Background on this error at: https://sqlalche.me/e/20/f405)
2025-08-08 21:17:53,074 - __main__ - INFO - Progress: 20/33 scrapers completed (small)
2025-08-08 21:17:53,121 - __main__ - INFO - ✅ Moncton, NB: Collected 5 records in 0.44s
2025-08-08 21:17:53,122 - __main__ - ERROR - Database error for Moncton, NB: (psycopg2.errors.InsufficientPrivilege) permission denied for table jurisdictions

[SQL: SELECT jurisdictions.id AS jurisdictions_id, jurisdictions.name AS jurisdictions_name, jurisdictions.jurisdiction_type AS jurisdictions_jurisdiction_type, jurisdictions.created_at AS jurisdictions_created_at, jurisdictions.updated_at AS jurisdictions_updated_at 
FROM jurisdictions 
WHERE jurisdictions.name = %(name_1)s 
 LIMIT %(param_1)s]
[parameters: {'name_1': 'Moncton, NB', 'param_1': 1}]
(Background on this error at: https://sqlalche.me/e/20/f405)
2025-08-08 21:17:53,122 - __main__ - INFO - Progress: 21/33 scrapers completed (small)
2025-08-08 21:17:53,172 - __main__ - INFO - ✅ Gatineau, QC: Collected 5 records in 5.31s
2025-08-08 21:17:53,173 - __main__ - ERROR - Database error for Gatineau, QC: (psycopg2.errors.InsufficientPrivilege) permission denied for table jurisdictions

[SQL: SELECT jurisdictions.id AS jurisdictions_id, jurisdictions.name AS jurisdictions_name, jurisdictions.jurisdiction_type AS jurisdictions_jurisdiction_type, jurisdictions.created_at AS jurisdictions_created_at, jurisdictions.updated_at AS jurisdictions_updated_at 
FROM jurisdictions 
WHERE jurisdictions.name = %(name_1)s 
 LIMIT %(param_1)s]
[parameters: {'name_1': 'Gatineau, QC', 'param_1': 1}]
(Background on this error at: https://sqlalche.me/e/20/f405)
2025-08-08 21:17:53,173 - __main__ - INFO - Progress: 22/33 scrapers completed (small)
2025-08-08 21:17:53,233 - scrapelib - INFO - GET - 'https://www.stjohns.ca/en/city-hall/mayor-danny-breen.aspx'
2025-08-08 21:17:53,389 - scrapelib - INFO - GET - 'https://www.lethbridge.ca/council-administration-governance/mayor-and-councillors/councillors-office/john-middleton-hope-councillor/'
2025-08-08 21:17:53,411 - scrapelib - INFO - GET - 'https://www.burnaby.ca/our-city/mayor-and-council/councillor-joe-keithley'
2025-08-08 21:17:53,441 - scrapelib - INFO - GET - 'https://www.saskatoon.ca/city-hall/mayor-city-councillors/city-councillors-wards/ward-4'
2025-08-08 21:17:53,830 - scrapelib - INFO - GET - 'https://www.fredericton.ca/your-government/mayor-council/jocelyn-pike'
2025-08-08 21:17:53,976 - scrapelib - INFO - GET - 'https://www.halifax.ca/city-hall/districts-councillors/district-2'
2025-08-08 21:17:54,028 - __main__ - INFO - ✅ Edmonton, AB: Collected 5 records in 6.40s
2025-08-08 21:17:54,029 - __main__ - ERROR - Database error for Edmonton, AB: (psycopg2.errors.InsufficientPrivilege) permission denied for table jurisdictions

[SQL: SELECT jurisdictions.id AS jurisdictions_id, jurisdictions.name AS jurisdictions_name, jurisdictions.jurisdiction_type AS jurisdictions_jurisdiction_type, jurisdictions.created_at AS jurisdictions_created_at, jurisdictions.updated_at AS jurisdictions_updated_at 
FROM jurisdictions 
WHERE jurisdictions.name = %(name_1)s 
 LIMIT %(param_1)s]
[parameters: {'name_1': 'Edmonton, AB', 'param_1': 1}]
(Background on this error at: https://sqlalche.me/e/20/f405)
2025-08-08 21:17:54,029 - __main__ - INFO - Progress: 23/33 scrapers completed (medium)
2025-08-08 21:17:54,087 - __main__ - INFO - ✅ Charlottetown, PE: Collected 5 records in 1.14s
2025-08-08 21:17:54,088 - __main__ - ERROR - Database error for Charlottetown, PE: (psycopg2.errors.InsufficientPrivilege) permission denied for table jurisdictions

[SQL: SELECT jurisdictions.id AS jurisdictions_id, jurisdictions.name AS jurisdictions_name, jurisdictions.jurisdiction_type AS jurisdictions_jurisdiction_type, jurisdictions.created_at AS jurisdictions_created_at, jurisdictions.updated_at AS jurisdictions_updated_at 
FROM jurisdictions 
WHERE jurisdictions.name = %(name_1)s 
 LIMIT %(param_1)s]
[parameters: {'name_1': 'Charlottetown, PE', 'param_1': 1}]
(Background on this error at: https://sqlalche.me/e/20/f405)
2025-08-08 21:17:54,088 - __main__ - INFO - Progress: 24/33 scrapers completed (small)
2025-08-08 21:17:54,177 - scrapelib - INFO - GET - 'https://www.stjohns.ca/en/city-hall/deputy-mayor-sheilagh-o_leary.aspx'
2025-08-08 21:17:54,388 - __main__ - INFO - ✅ Saskatoon, SK: Collected 5 records in 4.90s
2025-08-08 21:17:54,389 - __main__ - ERROR - Database error for Saskatoon, SK: (psycopg2.errors.InsufficientPrivilege) permission denied for table jurisdictions

[SQL: SELECT jurisdictions.id AS jurisdictions_id, jurisdictions.name AS jurisdictions_name, jurisdictions.jurisdiction_type AS jurisdictions_jurisdiction_type, jurisdictions.created_at AS jurisdictions_created_at, jurisdictions.updated_at AS jurisdictions_updated_at 
FROM jurisdictions 
WHERE jurisdictions.name = %(name_1)s 
 LIMIT %(param_1)s]
[parameters: {'name_1': 'Saskatoon, SK', 'param_1': 1}]
(Background on this error at: https://sqlalche.me/e/20/f405)
2025-08-08 21:17:54,389 - __main__ - INFO - Progress: 25/33 scrapers completed (small)
2025-08-08 21:17:54,394 - __main__ - INFO - ✅ Lethbridge, AB: Collected 5 records in 5.06s
2025-08-08 21:17:54,395 - __main__ - ERROR - Database error for Lethbridge, AB: (psycopg2.errors.InsufficientPrivilege) permission denied for table jurisdictions

[SQL: SELECT jurisdictions.id AS jurisdictions_id, jurisdictions.name AS jurisdictions_name, jurisdictions.jurisdiction_type AS jurisdictions_jurisdiction_type, jurisdictions.created_at AS jurisdictions_created_at, jurisdictions.updated_at AS jurisdictions_updated_at 
FROM jurisdictions 
WHERE jurisdictions.name = %(name_1)s 
 LIMIT %(param_1)s]
[parameters: {'name_1': 'Lethbridge, AB', 'param_1': 1}]
(Background on this error at: https://sqlalche.me/e/20/f405)
2025-08-08 21:17:54,395 - __main__ - INFO - Progress: 26/33 scrapers completed (small)
2025-08-08 21:17:54,420 - __main__ - INFO - ✅ Burnaby, BC: Collected 5 records in 6.48s
2025-08-08 21:17:54,421 - __main__ - ERROR - Database error for Burnaby, BC: (psycopg2.errors.InsufficientPrivilege) permission denied for table jurisdictions

[SQL: SELECT jurisdictions.id AS jurisdictions_id, jurisdictions.name AS jurisdictions_name, jurisdictions.jurisdiction_type AS jurisdictions_jurisdiction_type, jurisdictions.created_at AS jurisdictions_created_at, jurisdictions.updated_at AS jurisdictions_updated_at 
FROM jurisdictions 
WHERE jurisdictions.name = %(name_1)s 
 LIMIT %(param_1)s]
[parameters: {'name_1': 'Burnaby, BC', 'param_1': 1}]
(Background on this error at: https://sqlalche.me/e/20/f405)
2025-08-08 21:17:54,421 - __main__ - INFO - Progress: 27/33 scrapers completed (small)
2025-08-08 21:17:54,839 - scrapelib - INFO - GET - 'https://www.fredericton.ca/your-government/mayor-council/ruth-breen'
2025-08-08 21:17:54,952 - scrapelib - INFO - GET - 'https://www.halifax.ca/city-hall/districts-councillors/district-3'
2025-08-08 21:17:55,191 - scrapelib - INFO - GET - 'https://www.stjohns.ca/en/city-hall/councillor-jill-bruce.aspx'
2025-08-08 21:17:55,843 - scrapelib - INFO - GET - 'https://www.fredericton.ca/your-government/mayor-council/kevin-darrah'
2025-08-08 21:17:55,948 - scrapelib - INFO - GET - 'https://www.halifax.ca/city-hall/districts-councillors/district-4'
2025-08-08 21:17:56,172 - scrapelib - INFO - GET - 'https://www.stjohns.ca/en/city-hall/councillor-ophelia-ravencroft.aspx'
2025-08-08 21:17:56,849 - scrapelib - INFO - GET - 'https://www.fredericton.ca/your-government/mayor-council/greg-ericson'
2025-08-08 21:17:56,976 - __main__ - INFO - ✅ Halifax, NS: Collected 5 records in 5.13s
2025-08-08 21:17:56,977 - __main__ - ERROR - Database error for Halifax, NS: (psycopg2.errors.InsufficientPrivilege) permission denied for table jurisdictions

[SQL: SELECT jurisdictions.id AS jurisdictions_id, jurisdictions.name AS jurisdictions_name, jurisdictions.jurisdiction_type AS jurisdictions_jurisdiction_type, jurisdictions.created_at AS jurisdictions_created_at, jurisdictions.updated_at AS jurisdictions_updated_at 
FROM jurisdictions 
WHERE jurisdictions.name = %(name_1)s 
 LIMIT %(param_1)s]
[parameters: {'name_1': 'Halifax, NS', 'param_1': 1}]
(Background on this error at: https://sqlalche.me/e/20/f405)
2025-08-08 21:17:56,977 - __main__ - INFO - Progress: 28/33 scrapers completed (small)
2025-08-08 21:17:57,182 - scrapelib - INFO - GET - 'https://www.stjohns.ca/en/city-hall/councillor-greg-noseworthy.aspx'
2025-08-08 21:17:57,478 - __main__ - ERROR - ❌ Saint John, NB: Scraping error - 'str' object has no attribute 'classification'
2025-08-08 21:17:57,478 - __main__ - ERROR - ❌ Saint John, NB: Scraping failed - 'str' object has no attribute 'classification'
2025-08-08 21:17:57,478 - __main__ - ERROR - ❌ Saint John, NB: Failed - 'str' object has no attribute 'classification'
2025-08-08 21:17:57,478 - __main__ - INFO - Progress: 29/33 scrapers completed (small)
2025-08-08 21:17:57,751 - scrapelib - WARNING - sleeping for 20 seconds before retry
2025-08-08 21:17:57,850 - __main__ - INFO - ✅ Fredericton, NB: Collected 5 records in 5.11s
2025-08-08 21:17:57,851 - __main__ - ERROR - Database error for Fredericton, NB: (psycopg2.errors.InsufficientPrivilege) permission denied for table jurisdictions

[SQL: SELECT jurisdictions.id AS jurisdictions_id, jurisdictions.name AS jurisdictions_name, jurisdictions.jurisdiction_type AS jurisdictions_jurisdiction_type, jurisdictions.created_at AS jurisdictions_created_at, jurisdictions.updated_at AS jurisdictions_updated_at 
FROM jurisdictions 
WHERE jurisdictions.name = %(name_1)s 
 LIMIT %(param_1)s]
[parameters: {'name_1': 'Fredericton, NB', 'param_1': 1}]
(Background on this error at: https://sqlalche.me/e/20/f405)
2025-08-08 21:17:57,851 - __main__ - INFO - Progress: 30/33 scrapers completed (small)
2025-08-08 21:17:58,185 - __main__ - INFO - ✅ St. John's, NL: Collected 5 records in 5.11s
2025-08-08 21:17:58,186 - __main__ - ERROR - Database error for St. John's, NL: (psycopg2.errors.InsufficientPrivilege) permission denied for table jurisdictions

[SQL: SELECT jurisdictions.id AS jurisdictions_id, jurisdictions.name AS jurisdictions_name, jurisdictions.jurisdiction_type AS jurisdictions_jurisdiction_type, jurisdictions.created_at AS jurisdictions_created_at, jurisdictions.updated_at AS jurisdictions_updated_at 
FROM jurisdictions 
WHERE jurisdictions.name = %(name_1)s 
 LIMIT %(param_1)s]
[parameters: {'name_1': "St. John's, NL", 'param_1': 1}]
(Background on this error at: https://sqlalche.me/e/20/f405)
2025-08-08 21:17:58,186 - __main__ - INFO - Progress: 31/33 scrapers completed (small)
2025-08-08 21:18:17,790 - scrapelib - WARNING - sleeping for 40 seconds before retry
2025-08-08 21:18:57,836 - __main__ - ERROR - ❌ Ottawa, ON: Scraping error - 400 while retrieving https://www.arcgis.com/sharing/rest/content/items/a5e9dc2425274bb796d3ded47b0d7b00/data
2025-08-08 21:18:57,836 - __main__ - ERROR - ❌ Ottawa, ON: Scraping failed - 400 while retrieving https://www.arcgis.com/sharing/rest/content/items/a5e9dc2425274bb796d3ded47b0d7b00/data
2025-08-08 21:18:57,837 - __main__ - ERROR - ❌ Ottawa, ON: Failed - 400 while retrieving https://www.arcgis.com/sharing/rest/content/items/a5e9dc2425274bb796d3ded47b0d7b00/data
2025-08-08 21:18:57,837 - __main__ - INFO - Progress: 32/33 scrapers completed (medium)
2025-08-08 21:18:57,838 - __main__ - INFO - ✅ Completed testing 33 municipal scrapers with 12 workers
2025-08-08 21:18:57,838 - __main__ - INFO - 📊 MUNICIPAL: 21 successful, 12 failed
2025-08-08 21:18:57,838 - __main__ - INFO - 📊 Sizes: Small 21, Medium 10, Large 2
2025-08-08 21:18:57,838 - __main__ - INFO - 
🔄 Starting CIVIC scrapers...
2025-08-08 21:18:57,838 - __main__ - INFO - 
============================================================
2025-08-08 21:18:57,838 - __main__ - INFO - Testing CIVIC scrapers (OPTIMIZED PARALLEL)
2025-08-08 21:18:57,838 - __main__ - INFO - ============================================================
2025-08-08 21:18:57,838 - __main__ - INFO - Found 1 scrapers to test
2025-08-08 21:18:57,839 - __main__ - INFO - 📊 Resource Analysis: CPU 14.6%, Memory 52.3%
2025-08-08 21:18:57,839 - __main__ - INFO - 📊 Scraper Sizes: Small 0, Medium 1, Large 0
2025-08-08 21:18:57,839 - __main__ - INFO - 📊 Optimal Workers: 1 (range: 10-20)
2025-08-08 21:18:57,839 - __main__ - INFO - 🚀 Testing Civic Data (civic, medium)
2025-08-08 21:18:57,839 - __main__ - INFO - Progress: 0/1 scrapers completed (medium)
2025-08-08 21:18:57,839 - __main__ - INFO - ✅ Completed testing 1 civic scrapers with 1 workers
2025-08-08 21:18:57,839 - __main__ - INFO - 📊 CIVIC: 0 successful, 1 failed
2025-08-08 21:18:57,839 - __main__ - INFO - 📊 Sizes: Small 0, Medium 1, Large 0
2025-08-08 21:18:57,839 - __main__ - INFO - 
🔄 Starting UPDATE scrapers...
2025-08-08 21:18:57,839 - __main__ - INFO - 
============================================================
2025-08-08 21:18:57,839 - __main__ - INFO - Testing UPDATE scrapers (OPTIMIZED PARALLEL)
2025-08-08 21:18:57,839 - __main__ - INFO - ============================================================
2025-08-08 21:18:57,839 - __main__ - INFO - Found 1 scrapers to test
2025-08-08 21:18:57,839 - __main__ - INFO - 📊 Resource Analysis: CPU 0.0%, Memory 52.3%
2025-08-08 21:18:57,839 - __main__ - INFO - 📊 Scraper Sizes: Small 1, Medium 0, Large 0
2025-08-08 21:18:57,840 - __main__ - INFO - 📊 Optimal Workers: 1 (range: 10-20)
2025-08-08 21:18:57,840 - __main__ - INFO - 🚀 Testing Update Scripts (update, small)
2025-08-08 21:18:57,840 - __main__ - INFO - Progress: 0/1 scrapers completed (small)
2025-08-08 21:18:57,840 - __main__ - INFO - ✅ Completed testing 1 update scrapers with 1 workers
2025-08-08 21:18:57,840 - __main__ - INFO - 📊 UPDATE: 0 successful, 1 failed
2025-08-08 21:18:57,840 - __main__ - INFO - 📊 Sizes: Small 1, Medium 0, Large 0
/Users/ashishtandon/Github/Base Code/backend/OpenPolicyAshBack/scraper_testing_framework.py:808: DeprecationWarning: datetime.datetime.utcnow() is deprecated and scheduled for removal in a future version. Use timezone-aware objects to represent datetimes in UTC: datetime.datetime.now(datetime.UTC).
  'timestamp': datetime.utcnow().isoformat(),
/Users/ashishtandon/Github/Base Code/backend/OpenPolicyAshBack/scraper_testing_framework.py:847: DeprecationWarning: datetime.datetime.utcnow() is deprecated and scheduled for removal in a future version. Use timezone-aware objects to represent datetimes in UTC: datetime.datetime.now(datetime.UTC).
  timestamp = datetime.utcnow().strftime('%Y%m%d_%H%M%S')
2025-08-08 21:18:57,842 - __main__ - INFO - 📄 Test report saved to scraper_test_report_20250809_011857.json
✅ Applied DatetimeValidator fix
✅ Utils module imported successfully
🧪 Testing Working Scrapers...
✅ Toronto scraper test completed: 5 records collected

================================================================================
📊 SCRAPER TESTING SUMMARY (OPTIMIZED PARALLEL EXECUTION)
================================================================================
System: 16 CPUs, 64.0GB RAM
Total Scrapers Tested: 51
Successful: 35 (68.6%)
Failed: 16
Skipped: 0
Total Records Collected: 175
Total Records Inserted: 0

📈 SIZE BREAKDOWN:
  Small: 31 scrapers
  Medium: 14 scrapers
  Large: 6 scrapers

📈 CATEGORY BREAKDOWN:
  PARLIAMENTARY: 0/1 (0.0%) - 0 records
    Sizes: Small 0, Medium 0, Large 1
  PROVINCIAL: 13/14 (92.9%) - 65 records
    Sizes: Small 9, Medium 2, Large 3
  MUNICIPAL: 22/34 (64.7%) - 110 records
    Sizes: Small 21, Medium 11, Large 2
  CIVIC: 0/1 (0.0%) - 0 records
    Sizes: Small 0, Medium 1, Large 0
  UPDATE: 0/1 (0.0%) - 0 records
    Sizes: Small 1, Medium 0, Large 0

❌ FAILED SCRAPERS:
  - Federal Parliament (parliamentary, large): No people.py file found in ../../scrapers/openparliament
  - Quebec (provincial, large): HTTPSConnectionPool(host='www.assnat.qc.ca', port=443): Max retries exceeded with url: /fr/deputes/index.html (Caused by SSLError(SSLCertVerificationError(1, '[SSL: CERTIFICATE_VERIFY_FAILED] certificate verify failed: unable to get local issuer certificate (_ssl.c:1028)')))
  - Toronto, ON (municipal, large): 'str' object has no attribute 'classification'
  - London, ON (municipal, small): 'str' object has no attribute 'classification'
  - Kitchener, ON (municipal, small): 'str' object has no attribute 'division_name'
  - Laval, QC (municipal, small): 'str' object has no attribute 'classification'
  - Vancouver, BC (municipal, medium): 'str' object has no attribute 'division_name'
  - Kelowna, BC (municipal, small): 'str' object has no attribute 'classification'
  - Montreal, QC (municipal, large): 'str' object has no attribute 'classification'
  - Red Deer, AB (municipal, small): No people.py file found in ../../scrapers/scrapers-ca/ca_ab_red_deer
  - Medicine Hat, AB (municipal, small): No people.py file found in ../../scrapers/scrapers-ca/ca_ab_medicine_hat
  - Brampton, ON (municipal, medium): 'str' object has no attribute 'classification'
  - Saint John, NB (municipal, small): 'str' object has no attribute 'classification'
  - Ottawa, ON (municipal, medium): 400 while retrieving https://www.arcgis.com/sharing/rest/content/items/a5e9dc2425274bb796d3ded47b0d7b00/data
  - Civic Data (civic, medium): No people.py file found in ../../scrapers/civic-scraper
  - Update Scripts (update, small): No people.py file found in ../../scripts

⚠️  Testing completed with warnings (68.6% success rate)
